

*******************************************************************************
Sat Oct 11 11:51:48 2014


FIT:    data read from '9Vtrial8.csvadjusted.csv' using 4:2
        format = x:z
	y range restricted to [0.00000 : 500.000]
        #datapoints = 1153
        residuals are weighted equally (unit weight)

function used for fitting: R(x)
fitted parameters initialized with current variable values

BREAK:          no parameter specified



*******************************************************************************
Sat Oct 11 11:52:06 2014


FIT:    data read from '9Vtrial8.csvadjusted.csv' using 4:2
        format = x:z
	y range restricted to [0.00000 : 500.000]
        #datapoints = 1153
        residuals are weighted equally (unit weight)

function used for fitting: R(x)
fitted parameters initialized with current variable values

BREAK:          Undefined value during function evaluation



*******************************************************************************
Sat Oct 11 11:52:41 2014


FIT:    data read from '9Vtrial8.csvadjusted.csv' using 4:2
        format = x:z
	y range restricted to [0.00000 : 500.000]
        #datapoints = 1153
        residuals are weighted equally (unit weight)

function used for fitting: R(x)
fitted parameters initialized with current variable values

BREAK:          Undefined value during function evaluation



*******************************************************************************
Sat Oct 11 11:56:37 2014


FIT:    data read from '9Vtrial8Clean.csv' using 4:2
        format = x:z
	y range restricted to [0.00000 : 500.000]
        #datapoints = 1153
        residuals are weighted equally (unit weight)

function used for fitting: R(x)
fitted parameters initialized with current variable values

BREAK:          Undefined value during function evaluation



*******************************************************************************
Sat Oct 11 12:02:55 2014


FIT:    data read from '9Vtrial8Clean.csv' using 4:2
        format = x:z
	y range restricted to [0.00000 : 0.0100000]
BREAK:          No data to fit 



*******************************************************************************
Sat Oct 11 12:03:05 2014


FIT:    data read from '9Vtrial8Clean.csv' using 4:2
        format = x:z
	y range restricted to [0.00000 : 0.0100000]
BREAK:          No data to fit 



*******************************************************************************
Sat Oct 11 12:03:24 2014


FIT:    data read from '9Vtrial8Clean.csv' using 4:2
        format = x:z
	y range restricted to [0.00000 : 500.000]
        #datapoints = 1153
        residuals are weighted equally (unit weight)

function used for fitting: R(x)
fitted parameters initialized with current variable values



 Iteration 0
 WSSR        : 4132.67           delta(WSSR)/WSSR   : 0
 delta(WSSR) : 0                 limit for stopping : 1e-05
 lambda	  : 9.12971e-08

initial set of free parameter values

h               = 1
c               = 1
k               = 1
T               = 200

After 11 iterations the fit converged.
final sum of squares of residuals : 851.496
rel. change during last iteration : -1.97566e-06

degrees of freedom    (FIT_NDF)                        : 1149
rms of residuals      (FIT_STDFIT) = sqrt(WSSR/ndf)    : 0.860857
variance of residuals (reduced chisquare) = WSSR/ndf   : 0.741075

Final set of parameters            Asymptotic Standard Error
=======================            ==========================

h               = 984.633          +/- 5.765e+11    (5.855e+10%)
c               = 1696.11          +/- 4.963e+11    (2.926e+10%)
k               = 1091.74          +/- 3.025e+13    (2.771e+12%)
T               = 1413.66          +/- 3.918e+13    (2.772e+12%)


correlation matrix of the fit parameters:

               h      c      k      T      
h               1.000 
c              -1.000  1.000 
k              -0.017  0.017  1.000 
T               0.028 -0.028 -1.000  1.000 


*******************************************************************************
Sat Oct 11 12:03:54 2014


FIT:    data read from '9Vtrial8Clean.csv' using 4:2
        format = x:z
	y range restricted to [0.00000 : 500.000]
        #datapoints = 1153
        residuals are weighted equally (unit weight)

function used for fitting: R(x)
fitted parameters initialized with current variable values



 Iteration 0
 WSSR        : 851.496           delta(WSSR)/WSSR   : 0
 delta(WSSR) : 0                 limit for stopping : 1e-05
 lambda	  : 0.754398

initial set of free parameter values

h               = 984.633
c               = 1696.11
k               = 1091.74
T               = 1413.66
q               = 1

After 1 iterations the fit converged.
final sum of squares of residuals : 851.496
rel. change during last iteration : -5.01798e-09

degrees of freedom    (FIT_NDF)                        : 1148
rms of residuals      (FIT_STDFIT) = sqrt(WSSR/ndf)    : 0.861232
variance of residuals (reduced chisquare) = WSSR/ndf   : 0.741721

Final set of parameters            Asymptotic Standard Error
=======================            ==========================

h               = 984.633          +/- 1.004e+13    (1.02e+12%)
c               = 1696.11          +/- 1.729e+13    (1.019e+12%)
k               = 1091.74          +/- 5.616e+12    (5.144e+11%)
T               = 1413.66          +/- 7.272e+12    (5.144e+11%)
q               = 1.00004          +/- 1.021e+10    (1.021e+12%)


correlation matrix of the fit parameters:

               h      c      k      T      q      
h               1.000 
c              -1.000  1.000 
k               0.001 -0.000  1.000 
T              -0.001  0.002 -0.998  1.000 
q               0.998 -1.000 -0.001 -0.003  1.000 


*******************************************************************************
Sat Oct 11 12:04:47 2014


FIT:    data read from '9Vtrial8Clean.csv' using 4:2
        format = x:z
	y range restricted to [0.00000 : 500.000]
        #datapoints = 1153
        residuals are weighted equally (unit weight)

function used for fitting: R(x)
fitted parameters initialized with current variable values



 Iteration 0
 WSSR        : 4132.67           delta(WSSR)/WSSR   : 0
 delta(WSSR) : 0                 limit for stopping : 1e-05
 lambda	  : 7.0691e-07

initial set of free parameter values

h               = 1
c               = 1
k               = 1
T               = 1413.66
q               = 1

After 12 iterations the fit converged.
final sum of squares of residuals : 851.794
rel. change during last iteration : -1.03772e-06

degrees of freedom    (FIT_NDF)                        : 1148
rms of residuals      (FIT_STDFIT) = sqrt(WSSR/ndf)    : 0.861383
variance of residuals (reduced chisquare) = WSSR/ndf   : 0.741981

Final set of parameters            Asymptotic Standard Error
=======================            ==========================

h               = 257.287          +/- 2.893e+13    (1.124e+13%)
c               = 144.57           +/- 1.624e+13    (1.123e+13%)
k               = 102.297          +/- 1.9e+15      (1.857e+15%)
T               = 1415.72          +/- 2.629e+16    (1.857e+15%)
q               = 124.529          +/- 1.399e+13    (1.123e+13%)


correlation matrix of the fit parameters:

               h      c      k      T      q      
h               1.000 
c              -1.000  1.000 
k               0.348 -0.348  1.000 
T              -0.348  0.348 -1.000  1.000 
q               1.000 -1.000  0.348 -0.348  1.000 


*******************************************************************************
Sat Oct 11 12:05:32 2014


FIT:    data read from '9Vtrial8Clean.csv' using 4:2
        format = x:z
	y range restricted to [0.00000 : 500.000]
        #datapoints = 1153
        residuals are weighted equally (unit weight)

function used for fitting: R(x)
fitted parameters initialized with current variable values



 Iteration 0
 WSSR        : 997.082           delta(WSSR)/WSSR   : 0
 delta(WSSR) : 0                 limit for stopping : 1e-05
 lambda	  : 0.408284

initial set of free parameter values

h               = 257.287
c               = 144.57
k               = 102.297
T               = 1415.72
q               = 1e-10
r               = 1

After 3 iterations the fit converged.
final sum of squares of residuals : 144.696
rel. change during last iteration : -1.11416e-06

degrees of freedom    (FIT_NDF)                        : 1147
rms of residuals      (FIT_STDFIT) = sqrt(WSSR/ndf)    : 0.355178
variance of residuals (reduced chisquare) = WSSR/ndf   : 0.126152

Final set of parameters            Asymptotic Standard Error
=======================            ==========================

h               = 257.274          +/- 2.347e+13    (9.123e+12%)
c               = 144.55           +/- 1.313e+13    (9.082e+12%)
k               = 102.335          +/- 6.114e+16    (5.975e+16%)
T               = 1415.72          +/- 8.458e+17    (5.975e+16%)
q               = -1.7918          +/- 1.623e+11    (9.058e+12%)
r               = 1.88177          +/- 0.0786       (4.177%)


correlation matrix of the fit parameters:

               h      c      k      T      q      r      
h               1.000 
c              -1.000  1.000 
k               0.058 -0.060  1.000 
T              -0.058  0.060 -1.000  1.000 
q              -0.998  1.000 -0.062  0.062  1.000 
r               0.038 -0.039 -0.491  0.491 -0.040  1.000 


*******************************************************************************
Sat Oct 11 12:10:07 2014


FIT:    data read from '9Vtrial8Clean.csv' using 4:2
        format = x:z
	y range restricted to [280.000 : 400.000]
        #datapoints = 961
        residuals are weighted equally (unit weight)

function used for fitting: R(x)
fitted parameters initialized with current variable values



 Iteration 0
 WSSR        : 138.429           delta(WSSR)/WSSR   : 0
 delta(WSSR) : 0                 limit for stopping : 1e-10
 lambda	  : 0.00657963

initial set of free parameter values

h               = 257.274
c               = 144.55
k               = 102.335
T               = 1415.72
q               = -1.7918

After 306 iterations the fit converged.
final sum of squares of residuals : 138.355
rel. change during last iteration : -9.84248e-11

degrees of freedom    (FIT_NDF)                        : 956
rms of residuals      (FIT_STDFIT) = sqrt(WSSR/ndf)    : 0.380424
variance of residuals (reduced chisquare) = WSSR/ndf   : 0.144722

Final set of parameters            Asymptotic Standard Error
=======================            ==========================

h               = 212.012          +/- 2.107e+13    (9.936e+12%)
c               = 5.34067          +/- 5.302e+11    (9.927e+12%)
k               = 179.158          +/- 1.709e+17    (9.541e+16%)
T               = 1423.32          +/- 1.358e+18    (9.541e+16%)
q               = -18.373          +/- 1.824e+12    (9.927e+12%)


correlation matrix of the fit parameters:

               h      c      k      T      q      
h               1.000 
c              -1.000  1.000 
k              -0.042  0.042  1.000 
T               0.042 -0.042 -1.000  1.000 
q              -1.000  1.000  0.042 -0.042  1.000 


*******************************************************************************
Sat Oct 11 12:11:29 2014


FIT:    data read from '9Vtrial8Clean.csv' using 4:2
        format = x:z
	y range restricted to [280.000 : 400.000]
        #datapoints = 961
        residuals are weighted equally (unit weight)

function used for fitting: R(x)
fitted parameters initialized with current variable values



 Iteration 0
 WSSR        : 267.354           delta(WSSR)/WSSR   : 0
 delta(WSSR) : 0                 limit for stopping : 1e-10
 lambda	  : 665074

initial set of free parameter values

h               = 1e-07
c               = 3e+08
k               = 0.0001
T               = 1423.32
q               = -18.373

After 115 iterations the fit converged.
final sum of squares of residuals : 138.005
rel. change during last iteration : -1.11211e-14

degrees of freedom    (FIT_NDF)                        : 956
rms of residuals      (FIT_STDFIT) = sqrt(WSSR/ndf)    : 0.379943
variance of residuals (reduced chisquare) = WSSR/ndf   : 0.144357

Final set of parameters            Asymptotic Standard Error
=======================            ==========================

h               = -3.20038e-05     +/- 3.367e+06    (1.052e+13%)
c               = 3e+08            +/- 3.153e+19    (1.051e+13%)
k               = -0.00255068      +/- 6.053e+08    (2.373e+13%)
T               = 1423.32          +/- 3.378e+14    (2.373e+13%)
q               = -18.373          +/- 1.931e+12    (1.051e+13%)


correlation matrix of the fit parameters:

               h      c      k      T      q      
h               1.000 
c               1.000  1.000 
k              -0.048 -0.048  1.000 
T              -0.048 -0.048  1.000  1.000 
q               1.000  1.000 -0.048 -0.048  1.000 
